<?xml version="1.0" encoding="UTF-8"?>
<!-- Generated by org.testng.reporters.JUnitReportReporter -->
<testsuite skipped="0" hostname="DESKTOP-3ALFBUP" name="com.InetBanking.TestCases.TC_03_ExpediaLinkCount" tests="1" failures="0" timestamp="2021-09-22T10:35:53 EDT" time="181.861" errors="0">
  <testcase name="LinkCount" time="181.861" classname="com.InetBanking.TestCases.TC_03_ExpediaLinkCount"/>
  <system-out/>
</testsuite> <!-- com.InetBanking.TestCases.TC_03_ExpediaLinkCount -->
