<?xml version="1.0" encoding="UTF-8"?>
<!-- Generated by org.testng.reporters.JUnitReportReporter -->
<testsuite skipped="0" hostname="DESKTOP-3ALFBUP" name="com.Teladoc.TestCases.StartSubscription" tests="1" failures="0" timestamp="2021-12-14T23:25:12 EST" time="3.902" errors="0">
  <testcase name="StartSS" time="3.902" classname="com.Teladoc.TestCases.StartSubscription"/>
  <system-out/>
</testsuite> <!-- com.Teladoc.TestCases.StartSubscription -->
