<?xml version="1.0" encoding="UTF-8"?>
<!-- Generated by org.testng.reporters.JUnitReportReporter -->
<testsuite skipped="0" hostname="DESKTOP-3ALFBUP" name="com.Teladoc.TestCases.TC_02_DeleteRecord" tests="1" failures="0" timestamp="2022-01-03T16:30:24 EST" time="3.928" errors="0">
  <testcase name="DeleteRecord" time="3.928" classname="com.Teladoc.TestCases.TC_02_DeleteRecord"/>
  <system-out/>
</testsuite> <!-- com.Teladoc.TestCases.TC_02_DeleteRecord -->
