<?xml version="1.0" encoding="UTF-8"?>
<!-- Generated by org.testng.reporters.JUnitReportReporter -->
<testsuite skipped="0" hostname="DESKTOP-3ALFBUP" name="com.InetBanking.TestCases.TC_02_ExpediaDatePickTest" tests="1" failures="0" timestamp="2021-08-23T14:15:54 EDT" time="22.440" errors="0">
  <testcase name="pickDateTest" time="22.440" classname="com.InetBanking.TestCases.TC_02_ExpediaDatePickTest"/>
  <system-out/>
</testsuite> <!-- com.InetBanking.TestCases.TC_02_ExpediaDatePickTest -->
