<?xml version="1.0" encoding="UTF-8"?>
<!-- Generated by org.testng.reporters.JUnitReportReporter -->
<testsuite skipped="0" hostname="DESKTOP-3ALFBUP" name="com.InetBanking.TestCases.TC_04_ExpediaLinkCount" tests="1" failures="0" timestamp="2021-09-27T14:04:28 EDT" time="82.224" errors="0">
  <testcase name="LinkCountManually" time="82.224" classname="com.InetBanking.TestCases.TC_04_ExpediaLinkCount"/>
  <system-out/>
</testsuite> <!-- com.InetBanking.TestCases.TC_04_ExpediaLinkCount -->
