<?xml version="1.0" encoding="UTF-8"?>
<!-- Generated by org.testng.reporters.JUnitReportReporter -->
<testsuite skipped="0" hostname="DESKTOP-3ALFBUP" name="com.InetBanking.TestCases.TC_01_ExpediaTest" tests="1" failures="0" timestamp="2021-10-05T21:06:00 EDT" time="16.590" errors="0">
  <testcase name="searchFlight" time="16.590" classname="com.InetBanking.TestCases.TC_01_ExpediaTest"/>
  <system-out/>
</testsuite> <!-- com.InetBanking.TestCases.TC_01_ExpediaTest -->
