<?xml version="1.0" encoding="UTF-8"?>
<!-- Generated by org.testng.reporters.JUnitReportReporter -->
<testsuite skipped="0" hostname="DESKTOP-3ALFBUP" name="com.InetBanking.TestCases.TC_LoginTest_01" tests="1" failures="0" timestamp="2021-01-20T22:19:52 EST" time="3.357" errors="0">
  <testcase name="LoginTest" time="3.357" classname="com.InetBanking.TestCases.TC_LoginTest_01"/>
  <system-out/>
</testsuite> <!-- com.InetBanking.TestCases.TC_LoginTest_01 -->
