<?xml version="1.0" encoding="UTF-8"?>
<!-- Generated by org.testng.reporters.JUnitReportReporter -->
<testsuite skipped="0" hostname="DESKTOP-3ALFBUP" name="com.Teladoc.TestCases.TC_01_AddValidateUser" tests="2" failures="0" timestamp="2022-01-04T14:59:10 EST" time="11.527" errors="0">
  <testcase name="StartSS" time="8.244" classname="com.Teladoc.TestCases.TC_01_AddValidateUser"/>
  <system-out/>
  <testcase name="DeleteRecord" time="3.283" classname="com.Teladoc.TestCases.TC_01_AddValidateUser"/>
  <system-out/>
</testsuite> <!-- com.Teladoc.TestCases.TC_01_AddValidateUser -->
