<?xml version="1.0" encoding="UTF-8"?>
<!-- Generated by org.testng.reporters.JUnitReportReporter -->
<testsuite skipped="0" hostname="DESKTOP-3ALFBUP" name="com.InetBanking.TestCases.TC_AddNewCustomer_03" tests="1" failures="0" timestamp="2021-01-21T21:38:45 EST" time="9.890" errors="0">
  <testcase name="AddNewCustromer" time="9.890" classname="com.InetBanking.TestCases.TC_AddNewCustomer_03"/>
  <system-out/>
</testsuite> <!-- com.InetBanking.TestCases.TC_AddNewCustomer_03 -->
