<?xml version="1.0" encoding="UTF-8"?>
<!-- Generated by org.testng.reporters.JUnitReportReporter -->
<testsuite skipped="0" hostname="DESKTOP-3ALFBUP" name="com.InetBanking.TestCases.TC_AddNewCustomer_03" tests="1" failures="0" timestamp="2021-01-28T12:53:09 EST" time="10.095" errors="0">
  <testcase name="AddNewCustromer" time="10.095" classname="com.InetBanking.TestCases.TC_AddNewCustomer_03"/>
  <system-out/>
</testsuite> <!-- com.InetBanking.TestCases.TC_AddNewCustomer_03 -->
