<?xml version="1.0" encoding="UTF-8"?>
<!-- Generated by org.testng.reporters.JUnitReportReporter -->
<testsuite skipped="0" hostname="DESKTOP-3ALFBUP" name="com.InetBanking.TestCases.TC_LoginTest_01" tests="1" failures="0" timestamp="2021-01-28T12:53:09 EST" time="3.191" errors="0">
  <testcase name="LoginTest" time="3.191" classname="com.InetBanking.TestCases.TC_LoginTest_01"/>
  <system-out/>
</testsuite> <!-- com.InetBanking.TestCases.TC_LoginTest_01 -->
